This is pdfTeX, Version 3.14159265-2.6-1.40.16 (TeX Live 2015/Debian) (preloaded format=pdflatex 2016.3.22)  14 JUN 2016 17:15
entering extended mode
 restricted \write18 enabled.
 %&-line parsing enabled.
**Paper_v1.tex
(./Paper_v1.tex
LaTeX2e <2015/01/01>
Babel <3.9l> and hyphenation patterns for 79 languages loaded.
(/usr/share/texlive/texmf-dist/tex/latex/base/article.cls
Document Class: article 2014/09/29 v1.4h Standard LaTeX document class
(/usr/share/texlive/texmf-dist/tex/latex/base/size12.clo
File: size12.clo 2014/09/29 v1.4h Standard LaTeX file (size option)
)
\c@part=\count79
\c@section=\count80
\c@subsection=\count81
\c@subsubsection=\count82
\c@paragraph=\count83
\c@subparagraph=\count84
\c@figure=\count85
\c@table=\count86
\abovecaptionskip=\skip41
\belowcaptionskip=\skip42
\bibindent=\dimen102
)
(/usr/share/texlive/texmf-dist/tex/latex/url/url.sty
\Urlmuskip=\muskip10
Package: url 2013/09/16  ver 3.4  Verb mode for urls, etc.
)
(/usr/share/texlive/texmf-dist/tex/latex/base/ifthen.sty
Package: ifthen 2014/09/29 v1.1c Standard LaTeX ifthen package (DPC)
)
(/usr/share/texlive/texmf-dist/tex/latex/tools/multicol.sty
Package: multicol 2015/03/31 v1.8m multicolumn formatting (FMi)
\c@tracingmulticols=\count87
\mult@box=\box26
\multicol@leftmargin=\dimen103
\c@unbalance=\count88
\c@collectmore=\count89
\doublecol@number=\count90
\multicoltolerance=\count91
\multicolpretolerance=\count92
\full@width=\dimen104
\page@free=\dimen105
\premulticols=\dimen106
\postmulticols=\dimen107
\multicolsep=\skip43
\multicolbaselineskip=\skip44
\partial@page=\box27
\last@line=\box28
\maxbalancingoverflow=\dimen108
\mult@rightbox=\box29
\mult@grightbox=\box30
\mult@gfirstbox=\box31
\mult@firstbox=\box32
\@tempa=\box33
\@tempa=\box34
\@tempa=\box35
\@tempa=\box36
\@tempa=\box37
\@tempa=\box38
\@tempa=\box39
\@tempa=\box40
\@tempa=\box41
\@tempa=\box42
\@tempa=\box43
\@tempa=\box44
\@tempa=\box45
\@tempa=\box46
\@tempa=\box47
\@tempa=\box48
\@tempa=\box49
\c@columnbadness=\count93
\c@finalcolumnbadness=\count94
\last@try=\dimen109
\multicolovershoot=\dimen110
\multicolundershoot=\dimen111
\mult@nat@firstbox=\box50
\colbreak@box=\box51
\mc@col@check@num=\count95
)
(/usr/share/texlive/texmf-dist/tex/latex/amsmath/amsmath.sty
Package: amsmath 2013/01/14 v2.14 AMS math features
\@mathmargin=\skip45

For additional information on amsmath, use the `?' option.
(/usr/share/texlive/texmf-dist/tex/latex/amsmath/amstext.sty
Package: amstext 2000/06/29 v2.01

(/usr/share/texlive/texmf-dist/tex/latex/amsmath/amsgen.sty
File: amsgen.sty 1999/11/30 v2.0
\@emptytoks=\toks14
\ex@=\dimen112
))
(/usr/share/texlive/texmf-dist/tex/latex/amsmath/amsbsy.sty
Package: amsbsy 1999/11/29 v1.2d
\pmbraise@=\dimen113
)
(/usr/share/texlive/texmf-dist/tex/latex/amsmath/amsopn.sty
Package: amsopn 1999/12/14 v2.01 operator names
)
\inf@bad=\count96
LaTeX Info: Redefining \frac on input line 210.
\uproot@=\count97
\leftroot@=\count98
LaTeX Info: Redefining \overline on input line 306.
\classnum@=\count99
\DOTSCASE@=\count100
LaTeX Info: Redefining \ldots on input line 378.
LaTeX Info: Redefining \dots on input line 381.
LaTeX Info: Redefining \cdots on input line 466.
\Mathstrutbox@=\box52
\strutbox@=\box53
\big@size=\dimen114
LaTeX Font Info:    Redeclaring font encoding OML on input line 566.
LaTeX Font Info:    Redeclaring font encoding OMS on input line 567.
\macc@depth=\count101
\c@MaxMatrixCols=\count102
\dotsspace@=\muskip11
\c@parentequation=\count103
\dspbrk@lvl=\count104
\tag@help=\toks15
\row@=\count105
\column@=\count106
\maxfields@=\count107
\andhelp@=\toks16
\eqnshift@=\dimen115
\alignsep@=\dimen116
\tagshift@=\dimen117
\tagwidth@=\dimen118
\totwidth@=\dimen119
\lineht@=\dimen120
\@envbody=\toks17
\multlinegap=\skip46
\multlinetaggap=\skip47
\mathdisplay@stack=\toks18
LaTeX Info: Redefining \[ on input line 2665.
LaTeX Info: Redefining \] on input line 2666.
)
(/usr/share/texlive/texmf-dist/tex/latex/amsfonts/amssymb.sty
Package: amssymb 2013/01/14 v3.01 AMS font symbols

(/usr/share/texlive/texmf-dist/tex/latex/amsfonts/amsfonts.sty
Package: amsfonts 2013/01/14 v3.01 Basic AMSFonts support
\symAMSa=\mathgroup4
\symAMSb=\mathgroup5
LaTeX Font Info:    Overwriting math alphabet `\mathfrak' in version `bold'
(Font)                  U/euf/m/n --> U/euf/b/n on input line 106.
))
(/usr/share/texlive/texmf-dist/tex/latex/graphics/epsfig.sty
Package: epsfig 1999/02/16 v1.7a (e)psfig emulation (SPQR)

(/usr/share/texlive/texmf-dist/tex/latex/graphics/graphicx.sty
Package: graphicx 2014/10/28 v1.0g Enhanced LaTeX Graphics (DPC,SPQR)

(/usr/share/texlive/texmf-dist/tex/latex/graphics/keyval.sty
Package: keyval 2014/10/28 v1.15 key=value parser (DPC)
\KV@toks@=\toks19
)
(/usr/share/texlive/texmf-dist/tex/latex/graphics/graphics.sty
Package: graphics 2014/10/28 v1.0p Standard LaTeX Graphics (DPC,SPQR)

(/usr/share/texlive/texmf-dist/tex/latex/graphics/trig.sty
Package: trig 1999/03/16 v1.09 sin cos tan (DPC)
)
(/usr/share/texlive/texmf-dist/tex/latex/latexconfig/graphics.cfg
File: graphics.cfg 2010/04/23 v1.9 graphics configuration of TeX Live
)
Package graphics Info: Driver file: pdftex.def on input line 94.

(/usr/share/texlive/texmf-dist/tex/latex/pdftex-def/pdftex.def
File: pdftex.def 2011/05/27 v0.06d Graphics/color for pdfTeX

(/usr/share/texlive/texmf-dist/tex/generic/oberdiek/infwarerr.sty
Package: infwarerr 2010/04/08 v1.3 Providing info/warning/error messages (HO)
)
(/usr/share/texlive/texmf-dist/tex/generic/oberdiek/ltxcmds.sty
Package: ltxcmds 2011/11/09 v1.22 LaTeX kernel commands for general use (HO)
)
\Gread@gobject=\count108
))
\Gin@req@height=\dimen121
\Gin@req@width=\dimen122
)
\epsfxsize=\dimen123
\epsfysize=\dimen124
)
(/usr/share/texlive/texmf-dist/tex/latex/caption/caption.sty
Package: caption 2013/05/02 v3.3-89 Customizing captions (AR)

(/usr/share/texlive/texmf-dist/tex/latex/caption/caption3.sty
Package: caption3 2013/05/02 v1.6-88 caption3 kernel (AR)
Package caption3 Info: TeX engine: e-TeX on input line 57.
\captionmargin=\dimen125
\captionmargin@=\dimen126
\captionwidth=\dimen127
\caption@tempdima=\dimen128
\caption@indent=\dimen129
\caption@parindent=\dimen130
\caption@hangindent=\dimen131
)
\c@ContinuedFloat=\count109
)
(/usr/share/texlive/texmf-dist/tex/latex/natbib/natbib.sty
Package: natbib 2010/09/13 8.31b (PWD, AO)
\bibhang=\skip48
\bibsep=\skip49
LaTeX Info: Redefining \cite on input line 694.
\c@NAT@ctr=\count110
)
(/usr/share/texlive/texmf-dist/tex/latex/tools/longtable.sty
Package: longtable 2014/10/28 v4.11 Multi-page Table package (DPC)
\LTleft=\skip50
\LTright=\skip51
\LTpre=\skip52
\LTpost=\skip53
\LTchunksize=\count111
\LTcapwidth=\dimen132
\LT@head=\box54
\LT@firsthead=\box55
\LT@foot=\box56
\LT@lastfoot=\box57
\LT@cols=\count112
\LT@rows=\count113
\c@LT@tables=\count114
\c@LT@chunks=\count115
\LT@p@ftn=\toks20
)
(/usr/share/texlive/texmf-dist/tex/latex/supertabular/supertabular.sty
Package: supertabular 2004/02/20 v4.1e the supertabular environment
\c@tracingst=\count116
\ST@wd=\dimen133
\ST@rightskip=\skip54
\ST@leftskip=\skip55
\ST@parfillskip=\skip56
\ST@pageleft=\dimen134
\ST@headht=\dimen135
\ST@tailht=\dimen136
\ST@pagesofar=\dimen137
\ST@pboxht=\dimen138
\ST@lineht=\dimen139
\ST@stretchht=\dimen140
\ST@prevht=\dimen141
\ST@toadd=\dimen142
\ST@dimen=\dimen143
\ST@pbox=\box58
)
(/usr/share/texlive/texmf-dist/tex/latex/setspace/setspace.sty
Package: setspace 2011/12/19 v6.7a set line spacing
)
(/usr/share/texlive/texmf-dist/tex/latex/colortbl/colortbl.sty
Package: colortbl 2012/02/13 v1.0a Color table columns (DPC)

(/usr/share/texlive/texmf-dist/tex/latex/tools/array.sty
Package: array 2014/10/28 v2.4c Tabular extension package (FMi)
\col@sep=\dimen144
\extrarowheight=\dimen145
\NC@list=\toks21
\extratabsurround=\skip57
\backup@length=\skip58
)
(/usr/share/texlive/texmf-dist/tex/latex/graphics/color.sty
Package: color 2014/10/28 v1.1a Standard LaTeX Color (DPC)

(/usr/share/texlive/texmf-dist/tex/latex/latexconfig/color.cfg
File: color.cfg 2007/01/18 v1.5 color configuration of teTeX/TeXLive
)
Package color Info: Driver file: pdftex.def on input line 142.
)
\everycr=\toks22
\minrowclearance=\skip59
)
(./simplemargins.sty
Simplemargins margin control commands <15 Mar 93>.
\smpagewidth=\skip60
\smpageheight=\skip61
) (./Paper_v1.aux)
\openout1 = `Paper_v1.aux'.

LaTeX Font Info:    Checking defaults for OML/cmm/m/it on input line 79.
LaTeX Font Info:    ... okay on input line 79.
LaTeX Font Info:    Checking defaults for T1/cmr/m/n on input line 79.
LaTeX Font Info:    ... okay on input line 79.
LaTeX Font Info:    Checking defaults for OT1/cmr/m/n on input line 79.
LaTeX Font Info:    ... okay on input line 79.
LaTeX Font Info:    Checking defaults for OMS/cmsy/m/n on input line 79.
LaTeX Font Info:    ... okay on input line 79.
LaTeX Font Info:    Checking defaults for OMX/cmex/m/n on input line 79.
LaTeX Font Info:    ... okay on input line 79.
LaTeX Font Info:    Checking defaults for U/cmr/m/n on input line 79.
LaTeX Font Info:    ... okay on input line 79.
LaTeX Font Info:    Try loading font information for OT1+phv on input line 79.
 (/usr/share/texlive/texmf-dist/tex/latex/psnfss/ot1phv.fd
File: ot1phv.fd 2001/06/04 scalable font definitions for OT1/phv.
)
(/usr/share/texlive/texmf-dist/tex/context/base/supp-pdf.mkii
[Loading MPS to PDF converter (version 2006.09.02).]
\scratchcounter=\count117
\scratchdimen=\dimen146
\scratchbox=\box59
\nofMPsegments=\count118
\nofMParguments=\count119
\everyMPshowfont=\toks23
\MPscratchCnt=\count120
\MPscratchDim=\dimen147
\MPnumerator=\count121
\makeMPintoPDFobject=\count122
\everyMPtoPDFconversion=\toks24
) (/usr/share/texlive/texmf-dist/tex/generic/oberdiek/pdftexcmds.sty
Package: pdftexcmds 2011/11/29 v0.20 Utility functions of pdfTeX for LuaTeX (HO
)

(/usr/share/texlive/texmf-dist/tex/generic/oberdiek/ifluatex.sty
Package: ifluatex 2010/03/01 v1.3 Provides the ifluatex switch (HO)
Package ifluatex Info: LuaTeX not detected.
)
(/usr/share/texlive/texmf-dist/tex/generic/oberdiek/ifpdf.sty
Package: ifpdf 2011/01/30 v2.3 Provides the ifpdf switch (HO)
Package ifpdf Info: pdfTeX in PDF mode is detected.
)
Package pdftexcmds Info: LuaTeX not detected.
Package pdftexcmds Info: \pdf@primitive is available.
Package pdftexcmds Info: \pdf@ifprimitive is available.
Package pdftexcmds Info: \pdfdraftmode found.
)
(/usr/share/texlive/texmf-dist/tex/latex/oberdiek/epstopdf-base.sty
Package: epstopdf-base 2010/02/09 v2.5 Base part for package epstopdf

(/usr/share/texlive/texmf-dist/tex/latex/oberdiek/grfext.sty
Package: grfext 2010/08/19 v1.1 Manage graphics extensions (HO)

(/usr/share/texlive/texmf-dist/tex/generic/oberdiek/kvdefinekeys.sty
Package: kvdefinekeys 2011/04/07 v1.3 Define keys (HO)
))
(/usr/share/texlive/texmf-dist/tex/latex/oberdiek/kvoptions.sty
Package: kvoptions 2011/06/30 v3.11 Key value format for package options (HO)

(/usr/share/texlive/texmf-dist/tex/generic/oberdiek/kvsetkeys.sty
Package: kvsetkeys 2012/04/25 v1.16 Key value parser (HO)

(/usr/share/texlive/texmf-dist/tex/generic/oberdiek/etexcmds.sty
Package: etexcmds 2011/02/16 v1.5 Avoid name clashes with e-TeX commands (HO)
Package etexcmds Info: Could not find \expanded.
(etexcmds)             That can mean that you are not using pdfTeX 1.50 or
(etexcmds)             that some package has redefined \expanded.
(etexcmds)             In the latter case, load this package earlier.
)))
Package grfext Info: Graphics extension search list:
(grfext)             [.png,.pdf,.jpg,.mps,.jpeg,.jbig2,.jb2,.PNG,.PDF,.JPG,.JPE
G,.JBIG2,.JB2,.eps]
(grfext)             \AppendGraphicsExtensions on input line 452.

(/usr/share/texlive/texmf-dist/tex/latex/latexconfig/epstopdf-sys.cfg
File: epstopdf-sys.cfg 2010/07/13 v1.3 Configuration of (r)epstopdf for TeX Liv
e
))
Package caption Info: Begin \AtBeginDocument code.
Package caption Info: longtable package is loaded.

(/usr/share/texlive/texmf-dist/tex/latex/caption/ltcaption.sty
Package: ltcaption 2013/02/03 v1.3-62 longtable captions (AR)
)
Package caption Info: supertabular package is loaded.
Package caption Info: End \AtBeginDocument code.
LaTeX Font Info:    Font shape `OT1/phv/bx/n' in size <12> not available
(Font)              Font shape `OT1/phv/b/n' tried instead on input line 81.
LaTeX Font Info:    Font shape `OT1/phv/bx/n' in size <17.28> not available
(Font)              Font shape `OT1/phv/b/n' tried instead on input line 81.
LaTeX Font Info:    Try loading font information for U+msa on input line 83.

(/usr/share/texlive/texmf-dist/tex/latex/amsfonts/umsa.fd
File: umsa.fd 2013/01/14 v3.01 AMS symbols A
)
LaTeX Font Info:    Try loading font information for U+msb on input line 83.

(/usr/share/texlive/texmf-dist/tex/latex/amsfonts/umsb.fd
File: umsb.fd 2013/01/14 v3.01 AMS symbols B
)
LaTeX Font Info:    Font shape `OT1/phv/m/it' in size <12> not available
(Font)              Font shape `OT1/phv/m/sl' tried instead on input line 90.
 [1

{/var/lib/texmf/fonts/map/pdftex/updmap/pdftex.map}]
LaTeX Font Info:    Font shape `OT1/phv/bx/n' in size <14.4> not available
(Font)              Font shape `OT1/phv/b/n' tried instead on input line 105.
 [1] [2] [1] [2] [3] [4]
Overfull \hbox (1.39471pt too wide) in paragraph at lines 132--133
[]\OT1/phv/m/n/12 POETs iden-ti-fied Pareto fronts be-tween sev-eral ob-jec-tiv
es, e.g., O13$\OMS/cmsy/m/n/12 ^^B$\OT1/phv/m/n/12 O14, O25$\OMS/cmsy/m/n/12 ^^
B$\OT1/phv/m/n/12 O29,
 []

[5]
Overfull \hbox (1.06241pt too wide) in paragraph at lines 136--137
 \OT1/phv/b/n/12 The pop-u-la-tion of UPR mod-els re-ca-pit-u-lated adap-ta-tio
n, alarm and apop-totic events
 []

[6] [7] [8] [9] [10] [11] [12] [13] [14] [15] [16

] [17] [18] [19] [20] [21]
[22

] [23]
Overfull \hbox (5.07443pt too wide) in paragraph at lines 245--251
\OT1/phv/m/n/12 where $\OML/cmm/m/it/12 T$ \OT1/phv/m/n/12 is the com-pu-ta-tio
nal an-neal-ing tem-per-a-ture. The ini-tial tem-per-a-ture $\OML/cmm/m/it/12 T
[] \OT1/cmr/m/n/12 = \OT1/cmr/m/it/12 n\OML/cmm/m/it/12 =log\OT1/cmr/m/n/12 (2)
$\OT1/phv/m/n/12 ,
 []

[24]

LaTeX Warning: Reference `fg:fig2' on page 25 undefined on input line 265.

[25] [26]
Overfull \hbox (2.45767pt too wide) in paragraph at lines 312--313
\OT1/phv/m/n/12 the great-est mag-ni-tude, $\OML/cmm/m/it/12 x[]$ \OT1/phv/m/n/
12 and plac-ing it in the empty set $\OMS/cmsy/m/n/12 V$\OT1/phv/m/n/12 . The k
nock-out(overexpression)
 []


Overfull \hbox (9.62894pt too wide) in paragraph at lines 312--313
\OT1/phv/m/n/12 largest was moved into set $\OMS/cmsy/m/n/12 V$\OT1/phv/m/n/12 
. This pro-cess was con-tin-ued un-til all knock-out(overexpression)
 []

[27] [28] (./Paper_v1.bbl [29

] [30] [31] [32] [33] [34] [35] [36] [37])
[38] (./Figures_v1.tex
Package epstopdf Info: Source file: <./Main_Figures/Pathway_F1.eps>
(epstopdf)                    date: 2016-05-03 17:10:33
(epstopdf)                    size: 3912230 bytes
(epstopdf)             Output file: <./Main_Figures/Pathway_F1-eps-converted-to
.pdf>
(epstopdf)                    date: 2016-05-03 17:10:33
(epstopdf)                    size: 1309760 bytes
(epstopdf)             Command: <repstopdf --outfile=./Main_Figures/Pathway_F1-
eps-converted-to.pdf ./Main_Figures/Pathway_F1.eps>
(epstopdf)             \includegraphics on input line 2.
Package epstopdf Info: Output file is already uptodate.

<./Main_Figures/Pathway_F1-eps-converted-to.pdf, id=146, 624.3325pt x 671.50874
pt>
File: ./Main_Figures/Pathway_F1-eps-converted-to.pdf Graphic file (type pdf)
 <use ./Main_Figures/Pathway_F1-eps-converted-to.pdf>
Package pdftex.def Info: ./Main_Figures/Pathway_F1-eps-converted-to.pdf used on
 input line 2.
(pdftex.def)             Requested size: 375.80544pt x 404.20966pt.
LaTeX Font Info:    Font shape `OT1/phv/bx/n' in size <10> not available
(Font)              Font shape `OT1/phv/b/n' tried instead on input line 3.
Package epstopdf Info: Source file: <./Main_Figures/OBJ_F2.eps>
(epstopdf)                    date: 2016-05-03 17:10:33
(epstopdf)                    size: 1276514 bytes
(epstopdf)             Output file: <./Main_Figures/OBJ_F2-eps-converted-to.pdf
>
(epstopdf)                    date: 2016-05-03 17:10:33
(epstopdf)                    size: 142642 bytes
(epstopdf)             Command: <repstopdf --outfile=./Main_Figures/OBJ_F2-eps-
converted-to.pdf ./Main_Figures/OBJ_F2.eps>
(epstopdf)             \includegraphics on input line 8.
Package epstopdf Info: Output file is already uptodate.

<./Main_Figures/OBJ_F2-eps-converted-to.pdf, id=147, 878.28125pt x 578.16pt>
File: ./Main_Figures/OBJ_F2-eps-converted-to.pdf Graphic file (type pdf)

<use ./Main_Figures/OBJ_F2-eps-converted-to.pdf>
Package pdftex.def Info: ./Main_Figures/OBJ_F2-eps-converted-to.pdf used on inp
ut line 8.
(pdftex.def)             Requested size: 469.75502pt x 309.23755pt.
Package epstopdf Info: Source file: <./Main_Figures/TRPR_F3.eps>
(epstopdf)                    date: 2016-05-03 17:10:33
(epstopdf)                    size: 1783603 bytes
(epstopdf)             Output file: <./Main_Figures/TRPR_F3-eps-converted-to.pd
f>
(epstopdf)                    date: 2016-05-03 17:10:33
(epstopdf)                    size: 184673 bytes
(epstopdf)             Command: <repstopdf --outfile=./Main_Figures/TRPR_F3-eps
-converted-to.pdf ./Main_Figures/TRPR_F3.eps>
(epstopdf)             \includegraphics on input line 14.
Package epstopdf Info: Output file is already uptodate.

<./Main_Figures/TRPR_F3-eps-converted-to.pdf, id=148, 889.3225pt x 924.45375pt>
File: ./Main_Figures/TRPR_F3-eps-converted-to.pdf Graphic file (type pdf)
<use ./Main_Figures/TRPR_F3-eps-converted-to.pdf>
Package pdftex.def Info: ./Main_Figures/TRPR_F3-eps-converted-to.pdf used on in
put line 14.
(pdftex.def)             Requested size: 469.75502pt x 488.30775pt.
Package epstopdf Info: Source file: <./Main_Figures/Proof_F4.eps>
(epstopdf)                    date: 2016-05-03 17:10:33
(epstopdf)                    size: 1543542 bytes
(epstopdf)             Output file: <./Main_Figures/Proof_F4-eps-converted-to.p
df>
(epstopdf)                    date: 2016-05-03 17:10:33
(epstopdf)                    size: 139811 bytes
(epstopdf)             Command: <repstopdf --outfile=./Main_Figures/Proof_F4-ep
s-converted-to.pdf ./Main_Figures/Proof_F4.eps>
(epstopdf)             \includegraphics on input line 20.
Package epstopdf Info: Output file is already uptodate.

<./Main_Figures/Proof_F4-eps-converted-to.pdf, id=149, 782.925pt x 604.2575pt>
File: ./Main_Figures/Proof_F4-eps-converted-to.pdf Graphic file (type pdf)

<use ./Main_Figures/Proof_F4-eps-converted-to.pdf>
Package pdftex.def Info: ./Main_Figures/Proof_F4-eps-converted-to.pdf used on i
nput line 20.
(pdftex.def)             Requested size: 469.75502pt x 362.5573pt.
Package epstopdf Info: Source file: <./Main_Figures/Flux_F5.eps>
(epstopdf)                    date: 2016-05-03 17:10:33
(epstopdf)                    size: 4628110 bytes
(epstopdf)             Output file: <./Main_Figures/Flux_F5-eps-converted-to.pd
f>
(epstopdf)                    date: 2016-05-03 17:10:33
(epstopdf)                    size: 1231410 bytes
(epstopdf)             Command: <repstopdf --outfile=./Main_Figures/Flux_F5-eps
-converted-to.pdf ./Main_Figures/Flux_F5.eps>
(epstopdf)             \includegraphics on input line 29.
Package epstopdf Info: Output file is already uptodate.

<./Main_Figures/Flux_F5-eps-converted-to.pdf, id=150, 474.77374pt x 579.16376pt
>
File: ./Main_Figures/Flux_F5-eps-converted-to.pdf Graphic file (type pdf)
 <use ./Main_Figures/Flux_F5-eps-converted-to.pdf>
Package pdftex.def Info: ./Main_Figures/Flux_F5-eps-converted-to.pdf used on in
put line 29.
(pdftex.def)             Requested size: 375.80544pt x 458.45343pt.

<./Main_Figures/Sens_F1.pdf, id=151, 722.7pt x 578.16pt>
File: ./Main_Figures/Sens_F1.pdf Graphic file (type pdf)

<use ./Main_Figures/Sens_F1.pdf>
Package pdftex.def Info: ./Main_Figures/Sens_F1.pdf used on input line 35.
(pdftex.def)             Requested size: 433.62334pt x 397.48402pt.
Package epstopdf Info: Source file: <./Main_Figures/Rob_F7.eps>
(epstopdf)                    date: 2016-05-03 17:10:33
(epstopdf)                    size: 5656240 bytes
(epstopdf)             Output file: <./Main_Figures/Rob_F7-eps-converted-to.pdf
>
(epstopdf)                    date: 2016-05-03 17:10:33
(epstopdf)                    size: 1477794 bytes
(epstopdf)             Command: <repstopdf --outfile=./Main_Figures/Rob_F7-eps-
converted-to.pdf ./Main_Figures/Rob_F7.eps>
(epstopdf)             \includegraphics on input line 43.
Package epstopdf Info: Output file is already uptodate.

<./Main_Figures/Rob_F7-eps-converted-to.pdf, id=152, 697.60625pt x 718.685pt>
File: ./Main_Figures/Rob_F7-eps-converted-to.pdf Graphic file (type pdf)

<use ./Main_Figures/Rob_F7-eps-converted-to.pdf>
Package pdftex.def Info: ./Main_Figures/Rob_F7-eps-converted-to.pdf used on inp
ut line 43.
(pdftex.def)             Requested size: 375.80544pt x 387.16295pt.
Package epstopdf Info: Source file: <./Supp_Figures/Para_S1.eps>
(epstopdf)                    date: 2016-05-03 17:10:33
(epstopdf)                    size: 573845 bytes
(epstopdf)             Output file: <./Supp_Figures/Para_S1-eps-converted-to.pd
f>
(epstopdf)                    date: 2016-05-03 17:10:33
(epstopdf)                    size: 65824 bytes
(epstopdf)             Command: <repstopdf --outfile=./Supp_Figures/Para_S1-eps
-converted-to.pdf ./Supp_Figures/Para_S1.eps>
(epstopdf)             \includegraphics on input line 58.
Package epstopdf Info: Output file is already uptodate.

<./Supp_Figures/Para_S1-eps-converted-to.pdf, id=153, 721.69624pt x 273.02pt>
File: ./Supp_Figures/Para_S1-eps-converted-to.pdf Graphic file (type pdf)

<use ./Supp_Figures/Para_S1-eps-converted-to.pdf>
Package pdftex.def Info: ./Supp_Figures/Para_S1-eps-converted-to.pdf used on in
put line 58.
(pdftex.def)             Requested size: 469.75502pt x 177.71085pt.
Package epstopdf Info: Source file: <./Supp_Figures/Flux_S1.eps>
(epstopdf)                    date: 2016-05-03 17:10:33
(epstopdf)                    size: 1388417 bytes
(epstopdf)             Output file: <./Supp_Figures/Flux_S1-eps-converted-to.pd
f>
(epstopdf)                    date: 2016-05-03 17:10:33
(epstopdf)                    size: 123092 bytes
(epstopdf)             Command: <repstopdf --outfile=./Supp_Figures/Flux_S1-eps
-converted-to.pdf ./Supp_Figures/Flux_S1.eps>
(epstopdf)             \includegraphics on input line 64.
Package epstopdf Info: Output file is already uptodate.

<./Supp_Figures/Flux_S1-eps-converted-to.pdf, id=154, 745.78625pt x 314.17375pt
>
File: ./Supp_Figures/Flux_S1-eps-converted-to.pdf Graphic file (type pdf)
 <use ./Supp_Figures/Flux_S1-eps-converted-to.pdf>
Package pdftex.def Info: ./Supp_Figures/Flux_S1-eps-converted-to.pdf used on in
put line 64.
(pdftex.def)             Requested size: 469.75502pt x 197.89215pt.
Package epstopdf Info: Source file: <./Supp_Figures/Sens_S1.eps>
(epstopdf)                    date: 2016-05-03 17:10:33
(epstopdf)                    size: 5263768 bytes
(epstopdf)             Output file: <./Supp_Figures/Sens_S1-eps-converted-to.pd
f>
(epstopdf)                    date: 2016-05-03 17:10:33
(epstopdf)                    size: 1251134 bytes
(epstopdf)             Command: <repstopdf --outfile=./Supp_Figures/Sens_S1-eps
-converted-to.pdf ./Supp_Figures/Sens_S1.eps>
(epstopdf)             \includegraphics on input line 75.
Package epstopdf Info: Output file is already uptodate.

<./Supp_Figures/Sens_S1-eps-converted-to.pdf, id=155, 508.90125pt x 415.5525pt>
File: ./Supp_Figures/Sens_S1-eps-converted-to.pdf Graphic file (type pdf)
<use ./Supp_Figures/Sens_S1-eps-converted-to.pdf>
Package pdftex.def Info: ./Supp_Figures/Sens_S1-eps-converted-to.pdf used on in
put line 75.
(pdftex.def)             Requested size: 469.75502pt x 383.60013pt.
Package epstopdf Info: Source file: <./Supp_Figures/Sens_S3.eps>
(epstopdf)                    date: 2016-05-03 17:10:33
(epstopdf)                    size: 1209396 bytes
(epstopdf)             Output file: <./Supp_Figures/Sens_S3-eps-converted-to.pd
f>
(epstopdf)                    date: 2016-05-03 17:10:33
(epstopdf)                    size: 146934 bytes
(epstopdf)             Command: <repstopdf --outfile=./Supp_Figures/Sens_S3-eps
-converted-to.pdf ./Supp_Figures/Sens_S3.eps>
(epstopdf)             \includegraphics on input line 81.
Package epstopdf Info: Output file is already uptodate.

<./Supp_Figures/Sens_S3-eps-converted-to.pdf, id=156, 409.53pt x 652.4375pt>
File: ./Supp_Figures/Sens_S3-eps-converted-to.pdf Graphic file (type pdf)

<use ./Supp_Figures/Sens_S3-eps-converted-to.pdf>
Package pdftex.def Info: ./Supp_Figures/Sens_S3-eps-converted-to.pdf used on in
put line 81.
(pdftex.def)             Requested size: 281.85587pt x 449.0574pt.
Package epstopdf Info: Source file: <./Supp_Figures/TRANS_S1.eps>
(epstopdf)                    date: 2016-05-03 17:10:33
(epstopdf)                    size: 595525 bytes
(epstopdf)             Output file: <./Supp_Figures/TRANS_S1-eps-converted-to.p
df>
(epstopdf)                    date: 2016-05-03 17:10:33
(epstopdf)                    size: 61457 bytes
(epstopdf)             Command: <repstopdf --outfile=./Supp_Figures/TRANS_S1-ep
s-converted-to.pdf ./Supp_Figures/TRANS_S1.eps>
(epstopdf)             \includegraphics on input line 90.
Package epstopdf Info: Output file is already uptodate.

<./Supp_Figures/TRANS_S1-eps-converted-to.pdf, id=157, 680.5425pt x 444.66125pt
>
File: ./Supp_Figures/TRANS_S1-eps-converted-to.pdf Graphic file (type pdf)
 <use ./Supp_Figures/TRANS_S1-eps-converted-to.pdf>
Package pdftex.def Info: ./Supp_Figures/TRANS_S1-eps-converted-to.pdf used on i
nput line 90.
(pdftex.def)             Requested size: 469.75502pt x 306.93193pt.
Package epstopdf Info: Source file: <./Supp_Figures/COUP_S1.eps>
(epstopdf)                    date: 2016-05-03 17:10:33
(epstopdf)                    size: 580648 bytes
(epstopdf)             Output file: <./Supp_Figures/COUP_S1-eps-converted-to.pd
f>
(epstopdf)                    date: 2016-05-03 17:10:33
(epstopdf)                    size: 68768 bytes
(epstopdf)             Command: <repstopdf --outfile=./Supp_Figures/COUP_S1-eps
-converted-to.pdf ./Supp_Figures/COUP_S1.eps>
(epstopdf)             \includegraphics on input line 96.
Package epstopdf Info: Output file is already uptodate.

<./Supp_Figures/COUP_S1-eps-converted-to.pdf, id=158, 1039.885pt x 409.53pt>
File: ./Supp_Figures/COUP_S1-eps-converted-to.pdf Graphic file (type pdf)

<use ./Supp_Figures/COUP_S1-eps-converted-to.pdf>
Package pdftex.def Info: ./Supp_Figures/COUP_S1-eps-converted-to.pdf used on in
put line 96.
(pdftex.def)             Requested size: 469.75502pt x 184.99916pt.
Package epstopdf Info: Source file: <./Supp_Figures/COUP_S2.eps>
(epstopdf)                    date: 2016-05-03 17:10:33
(epstopdf)                    size: 892495 bytes
(epstopdf)             Output file: <./Supp_Figures/COUP_S2-eps-converted-to.pd
f>
(epstopdf)                    date: 2016-05-03 17:10:33
(epstopdf)                    size: 110568 bytes
(epstopdf)             Command: <repstopdf --outfile=./Supp_Figures/COUP_S2-eps
-converted-to.pdf ./Supp_Figures/COUP_S2.eps>
(epstopdf)             \includegraphics on input line 102.
Package epstopdf Info: Output file is already uptodate.

<./Supp_Figures/COUP_S2-eps-converted-to.pdf, id=159, 1037.8775pt x 847.165pt>
File: ./Supp_Figures/COUP_S2-eps-converted-to.pdf Graphic file (type pdf)

<use ./Supp_Figures/COUP_S2-eps-converted-to.pdf>
Package pdftex.def Info: ./Supp_Figures/COUP_S2-eps-converted-to.pdf used on in
put line 102.
(pdftex.def)             Requested size: 469.75502pt x 383.4441pt.
) [39 <./Main_Figures/Pathway_F1-eps-converted-to.pdf>] [40 <./Main_Figures/OBJ
_F2-eps-converted-to.pdf>]
[41 <./Main_Figures/TRPR_F3-eps-converted-to.pdf>] [42 <./Main_Figures/Proof_F4
-eps-converted-to.pdf>] [43 <./Main_Figures/Flux_F5-eps-converted-to.pdf>]
[44 <./Main_Figures/Sens_F1.pdf>] [45 <./Main_Figures/Rob_F7-eps-converted-to.p
df>] [46 <./Supp_Figures/Para_S1-eps-converted-to.pdf>] [47 <./Supp_Figures/Flu
x_S1-eps-converted-to.pdf>] [48 <./Supp_Figures/Sens_S1-eps-converted-to.pdf>]
[49 <./Supp_Figures/Sens_S3-eps-converted-to.pdf>] [50 <./Supp_Figures/TRANS_S1
-eps-converted-to.pdf> <./Supp_Figures/COUP_S1-eps-converted-to.pdf>] [51 <./Su
pp_Figures/COUP_S2-eps-converted-to.pdf>] (./Tables_v1.tex
LaTeX Font Info:    Font shape `OT1/phv/bx/n' in size <8> not available
(Font)              Font shape `OT1/phv/b/n' tried instead on input line 18.
LaTeX Font Info:    Font shape `OT1/phv/m/it' in size <10.95> not available
(Font)              Font shape `OT1/phv/m/sl' tried instead on input line 18.
 [52


]
Underfull \hbox (badness 10000) in paragraph at lines 79--79
[]|\OT1/phv/b/n/8 Increased
 []


Underfull \hbox (badness 10000) in paragraph at lines 79--79
[]\OT1/phv/b/n/8 Increased
 []


Underfull \hbox (badness 10000) in paragraph at lines 82--82
[]\OT1/phv/m/n/8 PERK, ATF4, cIAP,
 []


Underfull \hbox (badness 5954) in paragraph at lines 82--82
\OT1/phv/m/n/8 Bcl2, ATF6, RCAN1,
 []


Underfull \hbox (badness 10000) in paragraph at lines 82--83
[]\OT1/phv/m/n/8 HSP40, BiP, PERK,
 []


Underfull \hbox (badness 10000) in paragraph at lines 82--83
\OT1/phv/m/n/8 Bad, CHOP, CREB,
 []


Underfull \hbox (badness 10000) in paragraph at lines 88--88
[]\OT1/phv/m/n/8 BiP, cIAP, XBP1,
 []


Underfull \hbox (badness 10000) in paragraph at lines 90--90
[]\OT1/phv/m/n/8 PERK, IRE1, NFY,
 []


Underfull \hbox (badness 10000) in paragraph at lines 90--91
[]\OT1/phv/m/n/8 HSP40, BiP, eIF2$\OML/cmm/m/it/8 $\OT1/phv/m/n/8 ,
 []


Underfull \hbox (badness 10000) in paragraph at lines 94--94
[]\OT1/phv/m/n/8 HSP40, PERK, BiP,
 []


Underfull \hbox (badness 10000) in paragraph at lines 94--94
\OT1/phv/m/n/8 eIF2$\OML/cmm/m/it/8 $\OT1/phv/m/n/8 , ATF4, IRE1,
 []


Underfull \hbox (badness 7203) in paragraph at lines 94--94
\OT1/phv/m/n/8 BAK, TRAF2, ASK1,
 []

) [53

] (./Paper_v1.aux)

LaTeX Warning: There were undefined references.

 )
(\end occurred inside a group at level 1)

### semi simple group (level 1) entered at line 35 (\begingroup)
### bottom level 
Here is how much of TeX's memory you used:
 4880 strings out of 493085
 73224 string characters out of 6136917
 179593 words of memory out of 5000000
 8238 multiletter control sequences out of 15000+600000
 33842 words of font info for 80 fonts, out of 8000000 for 9000
 1141 hyphenation exceptions out of 8191
 38i,11n,38p,7041b,1247s stack positions out of 5000i,500n,10000p,200000b,80000s
{/usr/share/texlive/texmf-dist/fonts/enc/dvips/base/8r.enc}</us
r/share/texlive/texmf-dist/fonts/type1/public/amsfonts/cm/cmbx12.pfb></usr/shar
e/texlive/texmf-dist/fonts/type1/public/amsfonts/cm/cmbx8.pfb></usr/share/texli
ve/texmf-dist/fonts/type1/public/amsfonts/cm/cmex10.pfb></usr/share/texlive/tex
mf-dist/fonts/type1/public/amsfonts/cm/cmmi10.pfb></usr/share/texlive/texmf-dis
t/fonts/type1/public/amsfonts/cm/cmmi12.pfb></usr/share/texlive/texmf-dist/font
s/type1/public/amsfonts/cm/cmmi6.pfb></usr/share/texlive/texmf-dist/fonts/type1
/public/amsfonts/cm/cmmi8.pfb></usr/share/texlive/texmf-dist/fonts/type1/public
/amsfonts/cm/cmr12.pfb></usr/share/texlive/texmf-dist/fonts/type1/public/amsfon
ts/cm/cmr8.pfb></usr/share/texlive/texmf-dist/fonts/type1/public/amsfonts/cm/cm
sy10.pfb></usr/share/texlive/texmf-dist/fonts/type1/public/amsfonts/cm/cmsy8.pf
b></usr/share/texlive/texmf-dist/fonts/type1/public/amsfonts/cm/cmti12.pfb></us
r/share/texlive/texmf-dist/fonts/type1/urw/helvetic/uhvb8a.pfb></usr/share/texl
ive/texmf-dist/fonts/type1/urw/helvetic/uhvr8a.pfb></usr/share/texlive/texmf-di
st/fonts/type1/urw/helvetic/uhvro8a.pfb>
Output written on Paper_v1.pdf (56 pages, 9997183 bytes).
PDF statistics:
 18624 PDF objects out of 22161 (max. 8388607)
 16687 compressed objects within 167 object streams
 0 named destinations out of 1000 (max. 500000)
 71 words of extra memory for PDF output out of 10000 (max. 10000000)

